[debug] [2019-07-07T14:53:40.146Z] ----------------------------------------------------------------------
[debug] [2019-07-07T14:53:40.149Z] Command:       /usr/local/bin/node /usr/local/bin/firebase init
[debug] [2019-07-07T14:53:40.150Z] CLI Version:   7.0.2
[debug] [2019-07-07T14:53:40.150Z] Platform:      darwin
[debug] [2019-07-07T14:53:40.150Z] Node Version:  v10.16.0
[debug] [2019-07-07T14:53:40.157Z] Time:          Sun Jul 07 2019 11:53:40 GMT-0300 (GMT-03:00)
[debug] [2019-07-07T14:53:40.157Z] ----------------------------------------------------------------------
[debug] 
[debug] [2019-07-07T14:53:40.174Z] > command requires scopes: ["email","openid","https://www.googleapis.com/auth/cloudplatformprojects.readonly","https://www.googleapis.com/auth/firebase","https://www.googleapis.com/auth/cloud-platform"]
[debug] [2019-07-07T14:53:40.175Z] > authorizing via signed-in user
[info] 
     ######## #### ########  ######## ########     ###     ######  ########
     ##        ##  ##     ## ##       ##     ##  ##   ##  ##       ##
     ######    ##  ########  ######   ########  #########  ######  ######
     ##        ##  ##    ##  ##       ##     ## ##     ##       ## ##
     ##       #### ##     ## ######## ########  ##     ##  ######  ########

You're about to initialize a Firebase project in this directory:

  /Users/viniciusvalente/Workspace/webstorm/c2a_website

[debug] [2019-07-07T14:53:44.184Z] TypeError: Cannot read property 'setRawMode' of null
    at ReadStream.setRawMode (tty.js:69:28)
    at Interface._setRawMode (readline.js:269:16)
    at Interface.close (readline.js:394:10)
    at ReadStream.ontermend (readline.js:180:10)
    at ReadStream.emit (events.js:203:15)
    at ReadStream.EventEmitter.emit (domain.js:448:20)
    at endReadableNT (_stream_readable.js:1129:12)
    at process._tickCallback (internal/process/next_tick.js:63:19)
